proguard/seeds.txt
android.support.v4.app.BackStackRecord$Op
android.support.v4.app.BackStackRecord$Op: android.support.v4.app.BackStackRecord$Op next
android.support.v4.app.BackStackRecord$Op: android.support.v4.app.BackStackRecord$Op prev
android.support.v4.app.BackStackRecord$Op: int cmd
android.support.v4.app.BackStackRecord$Op: android.support.v4.app.Fragment fragment
android.support.v4.app.BackStackRecord$Op: int enterAnim
android.support.v4.app.BackStackRecord$Op: int exitAnim
android.support.v4.app.BackStackRecord$Op: int popEnterAnim
android.support.v4.app.BackStackRecord$Op: int popExitAnim
android.support.v4.app.BackStackRecord$Op: java.util.ArrayList removed
android.support.v4.app.BackStackRecord$Op: BackStackRecord$Op()
android.support.v4.app.BackStackState
android.support.v4.app.BackStackState: int[] mOps
android.support.v4.app.BackStackState: int mTransition
android.support.v4.app.BackStackState: int mTransitionStyle
android.support.v4.app.BackStackState: java.lang.String mName
android.support.v4.app.BackStackState: int mIndex
android.support.v4.app.BackStackState: int mBreadCrumbTitleRes
android.support.v4.app.BackStackState: java.lang.CharSequence mBreadCrumbTitleText
android.support.v4.app.BackStackState: int mBreadCrumbShortTitleRes
android.support.v4.app.BackStackState: java.lang.CharSequence mBreadCrumbShortTitleText
android.support.v4.app.BackStackState: android.os.Parcelable$Creator CREATOR
android.support.v4.app.BackStackState: BackStackState(android.support.v4.app.FragmentManagerImpl,android.support.v4.app.BackStackRecord)
android.support.v4.app.BackStackState: BackStackState(android.os.Parcel)
android.support.v4.app.BackStackState: android.support.v4.app.BackStackRecord instantiate(android.support.v4.app.FragmentManagerImpl)
android.support.v4.app.BackStackState: int describeContents()
android.support.v4.app.BackStackState: void writeToParcel(android.os.Parcel,int)
android.support.v4.app.BackStackState: void <clinit>()
android.support.v4.app.BackStackState$1
android.support.v4.app.BackStackState$1: BackStackState$1()
android.support.v4.app.BackStackState$1: android.support.v4.app.BackStackState createFromParcel(android.os.Parcel)
android.support.v4.app.BackStackState$1: android.support.v4.app.BackStackState[] newArray(int)
android.support.v4.app.BackStackState$1: java.lang.Object[] newArray(int)
android.support.v4.app.BackStackState$1: java.lang.Object createFromParcel(android.os.Parcel)
android.support.v4.app.DialogFragment
android.support.v4.app.DialogFragment: int STYLE_NORMAL
android.support.v4.app.DialogFragment: int STYLE_NO_TITLE
android.support.v4.app.DialogFragment: int STYLE_NO_FRAME
android.support.v4.app.DialogFragment: int STYLE_NO_INPUT
android.support.v4.app.DialogFragment: java.lang.String SAVED_DIALOG_STATE_TAG
android.support.v4.app.DialogFragment: java.lang.String SAVED_STYLE
android.support.v4.app.DialogFragment: java.lang.String SAVED_THEME
android.support.v4.app.DialogFragment: java.lang.String SAVED_CANCELABLE
android.support.v4.app.DialogFragment: java.lang.String SAVED_SHOWS_DIALOG
android.support.v4.app.DialogFragment: java.lang.String SAVED_BACK_STACK_ID
android.support.v4.app.DialogFragment: int mStyle
android.support.v4.app.DialogFragment: int mTheme
android.support.v4.app.DialogFragment: boolean mCancelable
android.support.v4.app.DialogFragment: boolean mShowsDialog
android.support.v4.app.DialogFragment: int mBackStackId
android.support.v4.app.DialogFragment: android.app.Dialog mDialog
android.support.v4.app.DialogFragment: boolean mViewDestroyed
android.support.v4.app.DialogFragment: boolean mDismissed
android.support.v4.app.DialogFragment: boolean mShownByMe
android.support.v4.app.DialogFragment: DialogFragment()
android.support.v4.app.DialogFragment: void setStyle(int,int)
android.support.v4.app.DialogFragment: void show(android.support.v4.app.FragmentManager,java.lang.String)