proguard/mapping.txt
com.google.android.gms.maps.model.internal.e$a -> com.google.android.gms.maps.model.internal.e$a:
    com.google.android.gms.maps.model.internal.e ar(android.os.IBinder) -> ar
    boolean onTransact(int,android.os.Parcel,android.os.Parcel,int) -> onTransact
com.google.android.gms.maps.model.internal.e$a$a -> com.google.android.gms.maps.model.internal.e$a$a:
    android.os.IBinder ky -> ky
    android.os.IBinder asBinder() -> asBinder
    void remove() -> remove
    java.lang.String getId() -> getId
    void setPoints(java.util.List) -> setPoints
    java.util.List getPoints() -> getPoints
    void setHoles(java.util.List) -> setHoles
    java.util.List getHoles() -> getHoles
    void setStrokeWidth(float) -> setStrokeWidth
    float getStrokeWidth() -> getStrokeWidth
    void setStrokeColor(int) -> setStrokeColor
    int getStrokeColor() -> getStrokeColor
    void setFillColor(int) -> setFillColor
    int getFillColor() -> getFillColor
    void setZIndex(float) -> setZIndex
    float getZIndex() -> getZIndex
    void setVisible(boolean) -> setVisible
    boolean isVisible() -> isVisible
    void setGeodesic(boolean) -> setGeodesic
    boolean isGeodesic() -> isGeodesic
    boolean a(com.google.android.gms.maps.model.internal.e) -> a
    int hashCodeRemote() -> hashCodeRemote
com.google.android.gms.maps.model.internal.f -> com.google.android.gms.maps.model.internal.f:
    void remove() -> remove
    void clearTileCache() -> clearTileCache
    java.lang.String getId() -> getId
    void setZIndex(float) -> setZIndex
    float getZIndex() -> getZIndex
    void setVisible(boolean) -> setVisible
    boolean isVisible() -> isVisible
    boolean a(com.google.android.gms.maps.model.internal.f) -> a
    int hashCodeRemote() -> hashCodeRemote
    void setFadeIn(boolean) -> setFadeIn
    boolean getFadeIn() -> getFadeIn
com.google.android.gms.maps.model.internal.f$a -> com.google.android.gms.maps.model.internal.f$a:
    com.google.android.gms.maps.model.internal.f at(android.os.IBinder) -> at
    boolean onTransact(int,android.os.Parcel,android.os.Parcel,int) -> onTransact
com.google.android.gms.maps.model.internal.f$a$a -> com.google.android.gms.maps.model.internal.f$a$a:
    android.os.IBinder ky -> ky
    android.os.IBinder asBinder() -> asBinder
    void remove() -> remove
    void clearTileCache() -> clearTileCache
    java.lang.String getId() -> getId
    void setZIndex(float) -> setZIndex
    float getZIndex() -> getZIndex
    void setVisible(boolean) -> setVisible
    boolean isVisible() -> isVisible
    boolean a(com.google.android.gms.maps.model.internal.f) -> a
    int hashCodeRemote() -> hashCodeRemote
    void setFadeIn(boolean) -> setFadeIn
    boolean getFadeIn() -> getFadeIn
com.google.android.gms.maps.model.internal.g -> com.google.android.gms.maps.model.internal.g:
    com.google.android.gms.maps.model.Tile getTile(int,int,int) -> getTile
com.google.android.gms.maps.model.internal.g$a -> com.google.android.gms.maps.model.internal.g$a:
    com.google.android.gms.maps.model.internal.g au(android.os.IBinder) -> au
    android.os.IBinder asBinder() -> asBinder
    boolean onTransact(int,android.os.Parcel,android.os.Parcel,int) -> onTransact
com.google.android.gms.maps.model.internal.g$a$a -> com.google.android.gms.maps.model.internal.g$a$a:
    android.os.IBinder ky -> ky
    android.os.IBinder asBinder() -> asBinder
    com.google.android.gms.maps.model.Tile getTile(int,int,int) -> getTile
com.google.android.gms.maps.model.j -> com.google.android.gms.maps.model.j:
    void a(com.google.android.gms.maps.model.TileOverlayOptions,android.os.Parcel,int) -> a
com.google.android.gms.maps.model.k -> com.google.android.gms.maps.model.k:
    void a(com.google.android.gms.maps.model.VisibleRegion,android.os.Parcel,int) -> a